[ 2012-10-26T09:50:16+08:00 ] ERR: (ThinkException) Column 'bk_equipment_id' cannot be null
 [ SQL语句 ] : INSERT INTO `sbk_bk` (`bk_equipment_id`,`bk_equipment_name`,`bk_equipment_specification`,`bk_quantity`,`bk_hospital_departments`) VALUES (null,null,null,null,null)
[ 2012-10-26T10:11:14+08:00 ] 127.0.0.1 /sbk/www/index.php?s=/Bx/view
INFO: [ route_check ] --START--
INFO: Run CheckRoute Behavior [ RunTime:0.000124s ]
INFO: [ route_check ] --END-- [ RunTime:0.000193s ]
INFO: [ app_begin ] --START--
INFO: Run ReadHtmlCache Behavior [ RunTime:-0.000321s ]
INFO: [ app_begin ] --END-- [ RunTime:0.000166s ]
NOTIC: [8] A session had already been started - ignoring session_start() /Users/AlbertZhu/Sites/sbk/sbkCore/ThinkPHP/Common/functions.php 第 526 行.
SQL: SHOW COLUMNS FROM `sbk_bx` [ RunTime:0.003673s ]
SQL: SELECT * FROM `sbk_bx` WHERE bx_status_code=1  [ RunTime:0.000599s ]
SQL: SELECT * FROM `sbk_bx` WHERE bx_status_code=1  [ RunTime:0.000448s ]
SQL: SELECT * FROM `sbk_bx` WHERE bx_status_code=2  [ RunTime:0.000334s ]
SQL: SELECT * FROM `sbk_bx` WHERE bx_status_code=2  [ RunTime:0.000334s ]
INFO: [ view_template ] --START--
INFO: Run LocationTemplate Behavior [ RunTime:-0.008685s ]
INFO: [ view_template ] --END-- [ RunTime:0.000331s ]
INFO: [ view_parse ] --START--
INFO: Run ParseTemplate Behavior [ RunTime:-0.009115s ]
INFO: [ view_parse ] --END-- [ RunTime:0.008651s ]
INFO: [ view_filter ] --START--
INFO: Run ContentReplace Behavior [ RunTime:-0.017856s ]
INFO: Run TokenBuild Behavior [ RunTime:-0.018218s ]
INFO: Run WriteHtmlCache Behavior [ RunTime:-0.018367s ]
INFO: Run ShowRuntime Behavior [ RunTime:-0.018629s ]
INFO: [ view_filter ] --END-- [ RunTime:0.000988s ]
INFO: [ view_end ] --START--
INFO: Run ShowPageTrace Behavior [ RunTime:-0.018909s ]
INFO: [ view_end ] --END-- [ RunTime:0.000135s ]

[ 2012-10-26T10:12:16+08:00 ] 127.0.0.1 /sbk/www/index.php?s=/Admin/index
INFO: [ route_check ] --START--
INFO: Run CheckRoute Behavior [ RunTime:0.000103s ]
INFO: [ route_check ] --END-- [ RunTime:0.000173s ]
INFO: [ app_begin ] --START--
INFO: Run ReadHtmlCache Behavior [ RunTime:-0.000335s ]
INFO: [ app_begin ] --END-- [ RunTime:0.000166s ]
NOTIC: [8] A session had already been started - ignoring session_start() /Users/AlbertZhu/Sites/sbk/sbkCore/ThinkPHP/Common/functions.php 第 526 行.
INFO: [ view_template ] --START--
INFO: Run LocationTemplate Behavior [ RunTime:-0.000821s ]
INFO: [ view_template ] --END-- [ RunTime:0.000136s ]
INFO: [ view_parse ] --START--
INFO: Run ParseTemplate Behavior [ RunTime:-0.001004s ]
INFO: [ view_parse ] --END-- [ RunTime:0.004121s ]
INFO: [ view_filter ] --START--
INFO: Run ContentReplace Behavior [ RunTime:-0.005160s ]
INFO: Run TokenBuild Behavior [ RunTime:-0.005408s ]
INFO: Run WriteHtmlCache Behavior [ RunTime:-0.005542s ]
INFO: Run ShowRuntime Behavior [ RunTime:-0.005629s ]
INFO: [ view_filter ] --END-- [ RunTime:0.000663s ]
INFO: [ view_end ] --START--
INFO: Run ShowPageTrace Behavior [ RunTime:-0.005878s ]
INFO: [ view_end ] --END-- [ RunTime:0.000137s ]

[ 2012-10-26T10:13:11+08:00 ] 127.0.0.1 /sbk/www/index.php?s=/Admin/index
INFO: [ route_check ] --START--
INFO: Run CheckRoute Behavior [ RunTime:0.000095s ]
INFO: [ route_check ] --END-- [ RunTime:0.000161s ]
INFO: [ app_begin ] --START--
INFO: Run ReadHtmlCache Behavior [ RunTime:-0.000306s ]
INFO: [ app_begin ] --END-- [ RunTime:0.000159s ]
NOTIC: [8] A session had already been started - ignoring session_start() /Users/AlbertZhu/Sites/sbk/sbkCore/ThinkPHP/Common/functions.php 第 526 行.
INFO: [ view_template ] --START--
INFO: Run LocationTemplate Behavior [ RunTime:-0.000746s ]
INFO: [ view_template ] --END-- [ RunTime:0.000128s ]
INFO: [ view_parse ] --START--
INFO: Run ParseTemplate Behavior [ RunTime:-0.000916s ]
INFO: [ view_parse ] --END-- [ RunTime:0.004062s ]
INFO: [ view_filter ] --START--
INFO: Run ContentReplace Behavior [ RunTime:-0.005019s ]
INFO: Run TokenBuild Behavior [ RunTime:-0.005270s ]
INFO: Run WriteHtmlCache Behavior [ RunTime:-0.005393s ]
INFO: Run ShowRuntime Behavior [ RunTime:-0.005478s ]
INFO: [ view_filter ] --END-- [ RunTime:0.000634s ]
INFO: [ view_end ] --START--
INFO: Run ShowPageTrace Behavior [ RunTime:-0.005706s ]
INFO: [ view_end ] --END-- [ RunTime:0.000132s ]

[ 2012-10-26T10:13:13+08:00 ] 127.0.0.1 /sbk/www/index.php?s=/Admin/index
INFO: [ route_check ] --START--
INFO: Run CheckRoute Behavior [ RunTime:0.000106s ]
INFO: [ route_check ] --END-- [ RunTime:0.000177s ]
INFO: [ app_begin ] --START--
INFO: Run ReadHtmlCache Behavior [ RunTime:-0.000345s ]
INFO: [ app_begin ] --END-- [ RunTime:0.000177s ]
NOTIC: [8] A session had already been started - ignoring session_start() /Users/AlbertZhu/Sites/sbk/sbkCore/ThinkPHP/Common/functions.php 第 526 行.
INFO: [ view_template ] --START--
INFO: Run LocationTemplate Behavior [ RunTime:-0.000858s ]
INFO: [ view_template ] --END-- [ RunTime:0.000136s ]
INFO: [ view_parse ] --START--
INFO: Run ParseTemplate Behavior [ RunTime:-0.001038s ]
INFO: [ view_parse ] --END-- [ RunTime:0.004291s ]
INFO: [ view_filter ] --START--
INFO: Run ContentReplace Behavior [ RunTime:-0.005375s ]
INFO: Run TokenBuild Behavior [ RunTime:-0.005646s ]
INFO: Run WriteHtmlCache Behavior [ RunTime:-0.005769s ]
INFO: Run ShowRuntime Behavior [ RunTime:-0.005856s ]
INFO: [ view_filter ] --END-- [ RunTime:0.000662s ]
INFO: [ view_end ] --START--
INFO: Run ShowPageTrace Behavior [ RunTime:-0.006095s ]
INFO: [ view_end ] --END-- [ RunTime:0.000138s ]

[ 2012-10-26T10:13:15+08:00 ] 127.0.0.1 /sbk/www/index.php?s=/Admin/view
INFO: [ route_check ] --START--
INFO: Run CheckRoute Behavior [ RunTime:0.000096s ]
INFO: [ route_check ] --END-- [ RunTime:0.000160s ]
INFO: [ app_begin ] --START--
INFO: Run ReadHtmlCache Behavior [ RunTime:-0.000309s ]
INFO: [ app_begin ] --END-- [ RunTime:0.000158s ]
NOTIC: [8] A session had already been started - ignoring session_start() /Users/AlbertZhu/Sites/sbk/sbkCore/ThinkPHP/Common/functions.php 第 526 行.
INFO: [ view_template ] --START--
INFO: Run LocationTemplate Behavior [ RunTime:-0.000823s ]
INFO: [ view_template ] --END-- [ RunTime:0.000123s ]
INFO: [ view_parse ] --START--
NOTIC: [8] Undefined variable: title /Users/AlbertZhu/Sites/sbk/sbkCore/Runtime/Cache/0b5c5116fb1902f8f437cea1b621dfa3.php 第 6 行.
INFO: Run ParseTemplate Behavior [ RunTime:-0.000988s ]
INFO: [ view_parse ] --END-- [ RunTime:0.003695s ]
INFO: [ view_filter ] --START--
INFO: Run ContentReplace Behavior [ RunTime:-0.004725s ]
INFO: Run TokenBuild Behavior [ RunTime:-0.004956s ]
INFO: Run WriteHtmlCache Behavior [ RunTime:-0.005081s ]
INFO: Run ShowRuntime Behavior [ RunTime:-0.005165s ]
INFO: [ view_filter ] --END-- [ RunTime:0.000617s ]
INFO: [ view_end ] --START--
INFO: Run ShowPageTrace Behavior [ RunTime:-0.005393s ]
INFO: [ view_end ] --END-- [ RunTime:0.000135s ]

[ 2012-10-26T10:13:49+08:00 ] 127.0.0.1 /sbk/www/index.php?s=/Admin/view
INFO: [ route_check ] --START--
INFO: Run CheckRoute Behavior [ RunTime:0.000118s ]
INFO: [ route_check ] --END-- [ RunTime:0.000209s ]
INFO: [ app_begin ] --START--
INFO: Run ReadHtmlCache Behavior [ RunTime:-0.000371s ]
INFO: [ app_begin ] --END-- [ RunTime:0.000174s ]
NOTIC: [8] A session had already been started - ignoring session_start() /Users/AlbertZhu/Sites/sbk/sbkCore/ThinkPHP/Common/functions.php 第 526 行.
INFO: [ view_template ] --START--
INFO: Run LocationTemplate Behavior [ RunTime:-0.000912s ]
INFO: [ view_template ] --END-- [ RunTime:0.000131s ]
INFO: [ view_parse ] --START--
NOTIC: [8] Undefined variable: title /Users/AlbertZhu/Sites/sbk/sbkCore/Runtime/Cache/0b5c5116fb1902f8f437cea1b621dfa3.php 第 6 行.
INFO: Run ParseTemplate Behavior [ RunTime:-0.001085s ]
INFO: [ view_parse ] --END-- [ RunTime:0.006195s ]
INFO: [ view_filter ] --START--
INFO: Run ContentReplace Behavior [ RunTime:-0.007327s ]
INFO: Run TokenBuild Behavior [ RunTime:-0.007580s ]
INFO: Run WriteHtmlCache Behavior [ RunTime:-0.007708s ]
INFO: Run ShowRuntime Behavior [ RunTime:-0.007839s ]
INFO: [ view_filter ] --END-- [ RunTime:0.000704s ]
INFO: [ view_end ] --START--
INFO: Run ShowPageTrace Behavior [ RunTime:-0.008217s ]
INFO: [ view_end ] --END-- [ RunTime:0.000282s ]

[ 2012-10-26T10:24:33+08:00 ] 127.0.0.1 /sbk/www/index.php?s=/Admin/view
INFO: [ route_check ] --START--
INFO: Run CheckRoute Behavior [ RunTime:0.000097s ]
INFO: [ route_check ] --END-- [ RunTime:0.000162s ]
INFO: [ app_begin ] --START--
INFO: Run ReadHtmlCache Behavior [ RunTime:-0.000319s ]
INFO: [ app_begin ] --END-- [ RunTime:0.000164s ]
NOTIC: [8] A session had already been started - ignoring session_start() /Users/AlbertZhu/Sites/sbk/sbkCore/ThinkPHP/Common/functions.php 第 526 行.
SQL: SHOW COLUMNS FROM `sbk_bk` [ RunTime:0.003346s ]
SQL: SELECT * FROM `sbk_bk`  [ RunTime:0.000405s ]
INFO: [ view_template ] --START--
INFO: Run LocationTemplate Behavior [ RunTime:-0.006653s ]
INFO: [ view_template ] --END-- [ RunTime:0.000183s ]
INFO: [ view_parse ] --START--
NOTIC: [8] Undefined variable: title /Users/AlbertZhu/Sites/sbk/sbkCore/Runtime/Cache/0b5c5116fb1902f8f437cea1b621dfa3.php 第 6 行.
INFO: Run ParseTemplate Behavior [ RunTime:-0.007025s ]
INFO: [ view_parse ] --END-- [ RunTime:0.006820s ]
INFO: [ view_filter ] --START--
INFO: Run ContentReplace Behavior [ RunTime:-0.013890s ]
INFO: Run TokenBuild Behavior [ RunTime:-0.014254s ]
INFO: Run WriteHtmlCache Behavior [ RunTime:-0.014401s ]
INFO: Run ShowRuntime Behavior [ RunTime:-0.014488s ]
INFO: [ view_filter ] --END-- [ RunTime:0.000805s ]
INFO: [ view_end ] --START--
INFO: Run ShowPageTrace Behavior [ RunTime:-0.014754s ]
INFO: [ view_end ] --END-- [ RunTime:0.000137s ]

[ 2012-10-26T10:25:56+08:00 ] 127.0.0.1 /sbk/www/index.php?s=/Wx/index
INFO: [ route_check ] --START--
INFO: Run CheckRoute Behavior [ RunTime:0.000101s ]
INFO: [ route_check ] --END-- [ RunTime:0.000171s ]
INFO: [ app_begin ] --START--
INFO: Run ReadHtmlCache Behavior [ RunTime:-0.000339s ]
INFO: [ app_begin ] --END-- [ RunTime:0.000174s ]
NOTIC: [8] A session had already been started - ignoring session_start() /Users/AlbertZhu/Sites/sbk/sbkCore/ThinkPHP/Common/functions.php 第 526 行.
INFO: [ view_template ] --START--
INFO: Run LocationTemplate Behavior [ RunTime:-0.000842s ]
INFO: [ view_template ] --END-- [ RunTime:0.000133s ]
INFO: [ view_parse ] --START--
INFO: Run ParseTemplate Behavior [ RunTime:-0.001017s ]
INFO: [ view_parse ] --END-- [ RunTime:0.004207s ]
INFO: [ view_filter ] --START--
INFO: Run ContentReplace Behavior [ RunTime:-0.005266s ]
INFO: Run TokenBuild Behavior [ RunTime:-0.005527s ]
INFO: Run WriteHtmlCache Behavior [ RunTime:-0.005652s ]
INFO: Run ShowRuntime Behavior [ RunTime:-0.005737s ]
INFO: [ view_filter ] --END-- [ RunTime:0.000653s ]
INFO: [ view_end ] --START--
INFO: Run ShowPageTrace Behavior [ RunTime:-0.005971s ]
INFO: [ view_end ] --END-- [ RunTime:0.000133s ]

[ 2012-10-26T10:25:58+08:00 ] 127.0.0.1 /sbk/www/index.php?s=/Wx/login
INFO: [ route_check ] --START--
INFO: Run CheckRoute Behavior [ RunTime:0.000105s ]
INFO: [ route_check ] --END-- [ RunTime:0.000168s ]
INFO: [ app_begin ] --START--
INFO: Run ReadHtmlCache Behavior [ RunTime:-0.000306s ]
INFO: [ app_begin ] --END-- [ RunTime:0.000160s ]
NOTIC: [8] A session had already been started - ignoring session_start() /Users/AlbertZhu/Sites/sbk/sbkCore/ThinkPHP/Common/functions.php 第 526 行.
SQL: SHOW COLUMNS FROM `sbk_member` [ RunTime:0.003113s ]
SQL: SELECT * FROM `sbk_member` WHERE ( `member_id` = '13874973412' ) AND ( `member_password` = '3412' ) LIMIT 1   [ RunTime:0.000351s ]
INFO: [ view_template ] --START--
INFO: Run LocationTemplate Behavior [ RunTime:-0.006169s ]
INFO: [ view_template ] --END-- [ RunTime:0.000163s ]
INFO: [ view_parse ] --START--
INFO: Run ParseTemplate Behavior [ RunTime:-0.006374s ]
INFO: [ view_parse ] --END-- [ RunTime:0.002570s ]
INFO: [ view_filter ] --START--
INFO: Run ContentReplace Behavior [ RunTime:-0.008981s ]
INFO: Run TokenBuild Behavior [ RunTime:-0.009141s ]
INFO: Run WriteHtmlCache Behavior [ RunTime:-0.009259s ]
INFO: Run ShowRuntime Behavior [ RunTime:-0.009346s ]
INFO: [ view_filter ] --END-- [ RunTime:0.000526s ]
INFO: [ view_end ] --START--
INFO: Run ShowPageTrace Behavior [ RunTime:-0.009560s ]
INFO: [ view_end ] --END-- [ RunTime:0.000129s ]

[ 2012-10-26T10:26:02+08:00 ] 127.0.0.1 /sbk/www/index.php?s=/Wx/view
INFO: [ route_check ] --START--
INFO: Run CheckRoute Behavior [ RunTime:0.000097s ]
INFO: [ route_check ] --END-- [ RunTime:0.000162s ]
INFO: [ app_begin ] --START--
INFO: Run ReadHtmlCache Behavior [ RunTime:-0.000311s ]
INFO: [ app_begin ] --END-- [ RunTime:0.000161s ]
NOTIC: [8] A session had already been started - ignoring session_start() /Users/AlbertZhu/Sites/sbk/sbkCore/ThinkPHP/Common/functions.php 第 526 行.
SQL: SHOW COLUMNS FROM `sbk_bx` [ RunTime:0.003661s ]
SQL: SELECT * FROM `sbk_bx` WHERE bx_status_code=1  [ RunTime:0.000500s ]
SQL: SELECT * FROM `sbk_bx` WHERE bx_status_code=1  [ RunTime:0.000369s ]
SQL: SELECT * FROM `sbk_bx` WHERE ( `bx_member_id` = '13874973412' ) AND ( `bx_status_code` = 2 )  [ RunTime:0.000345s ]
SQL: SELECT * FROM `sbk_bx` WHERE ( `bx_member_id` = '13874973412' ) AND ( `bx_status_code` = 2 )  [ RunTime:0.000296s ]
SQL: SELECT * FROM `sbk_bx` WHERE ( `bx_member_id` = '13874973412' ) AND ( `bx_status_code` = 3 )  [ RunTime:0.000625s ]
SQL: SELECT * FROM `sbk_bx` WHERE ( `bx_member_id` = '13874973412' ) AND ( `bx_status_code` = 3 )  [ RunTime:0.000431s ]
INFO: [ view_template ] --START--
INFO: Run LocationTemplate Behavior [ RunTime:-0.009810s ]
INFO: [ view_template ] --END-- [ RunTime:0.000190s ]
INFO: [ view_parse ] --START--
INFO: Run ParseTemplate Behavior [ RunTime:-0.010053s ]
INFO: [ view_parse ] --END-- [ RunTime:0.059936s ]
INFO: [ view_filter ] --START--
INFO: Run ContentReplace Behavior [ RunTime:-0.070023s ]
INFO: Run TokenBuild Behavior [ RunTime:-0.070481s ]
INFO: Run WriteHtmlCache Behavior [ RunTime:-0.070628s ]
INFO: Run ShowRuntime Behavior [ RunTime:-0.070721s ]
INFO: [ view_filter ] --END-- [ RunTime:0.000910s ]
INFO: [ view_end ] --START--
INFO: Run ShowPageTrace Behavior [ RunTime:-0.070992s ]
INFO: [ view_end ] --END-- [ RunTime:0.000131s ]

[ 2012-10-26T10:29:06+08:00 ] 127.0.0.1 /sbk/www/index.php?s=/Admin/view
INFO: [ route_check ] --START--
INFO: Run CheckRoute Behavior [ RunTime:0.000096s ]
INFO: [ route_check ] --END-- [ RunTime:0.000160s ]
INFO: [ app_begin ] --START--
INFO: Run ReadHtmlCache Behavior [ RunTime:-0.000308s ]
INFO: [ app_begin ] --END-- [ RunTime:0.000160s ]
NOTIC: [8] A session had already been started - ignoring session_start() /Users/AlbertZhu/Sites/sbk/sbkCore/ThinkPHP/Common/functions.php 第 526 行.
SQL: SHOW COLUMNS FROM `sbk_bk` [ RunTime:0.003331s ]
SQL: SELECT * FROM `sbk_bk`  [ RunTime:0.000413s ]
INFO: [ view_template ] --START--
INFO: Run LocationTemplate Behavior [ RunTime:-0.006252s ]
INFO: [ view_template ] --END-- [ RunTime:0.000175s ]
INFO: [ view_parse ] --START--
NOTIC: [8] Undefined variable: title /Users/AlbertZhu/Sites/sbk/sbkCore/Runtime/Cache/0b5c5116fb1902f8f437cea1b621dfa3.php 第 6 行.
NOTIC: [8] Undefined variable: mid /Users/AlbertZhu/Sites/sbk/sbkCore/Runtime/Cache/0b5c5116fb1902f8f437cea1b621dfa3.php 第 70 行.
INFO: Run ParseTemplate Behavior [ RunTime:-0.006469s ]
INFO: [ view_parse ] --END-- [ RunTime:0.004154s ]
INFO: [ view_filter ] --START--
INFO: Run ContentReplace Behavior [ RunTime:-0.010664s ]
INFO: Run TokenBuild Behavior [ RunTime:-0.010908s ]
INFO: Run WriteHtmlCache Behavior [ RunTime:-0.011034s ]
INFO: Run ShowRuntime Behavior [ RunTime:-0.011122s ]
INFO: [ view_filter ] --END-- [ RunTime:0.000633s ]
INFO: [ view_end ] --START--
INFO: Run ShowPageTrace Behavior [ RunTime:-0.011352s ]
INFO: [ view_end ] --END-- [ RunTime:0.000131s ]

[ 2012-10-26T10:30:41+08:00 ] 127.0.0.1 /sbk/www/index.php?s=/Admin/view
INFO: [ route_check ] --START--
INFO: Run CheckRoute Behavior [ RunTime:0.000111s ]
INFO: [ route_check ] --END-- [ RunTime:0.000186s ]
INFO: [ app_begin ] --START--
INFO: Run ReadHtmlCache Behavior [ RunTime:-0.000341s ]
INFO: [ app_begin ] --END-- [ RunTime:0.000170s ]
NOTIC: [8] A session had already been started - ignoring session_start() /Users/AlbertZhu/Sites/sbk/sbkCore/ThinkPHP/Common/functions.php 第 526 行.
SQL: SHOW COLUMNS FROM `sbk_bk` [ RunTime:0.003453s ]
SQL: SELECT * FROM `sbk_bk`  [ RunTime:0.000901s ]
INFO: [ view_template ] --START--
INFO: Run LocationTemplate Behavior [ RunTime:-0.007392s ]
INFO: [ view_template ] --END-- [ RunTime:0.000178s ]
INFO: [ view_parse ] --START--
NOTIC: [8] Undefined variable: mid /Users/AlbertZhu/Sites/sbk/sbkCore/Runtime/Cache/0b5c5116fb1902f8f437cea1b621dfa3.php 第 70 行.
INFO: Run ParseTemplate Behavior [ RunTime:-0.007610s ]
INFO: [ view_parse ] --END-- [ RunTime:0.004111s ]
INFO: [ view_filter ] --START--
INFO: Run ContentReplace Behavior [ RunTime:-0.011763s ]
INFO: Run TokenBuild Behavior [ RunTime:-0.012013s ]
INFO: Run WriteHtmlCache Behavior [ RunTime:-0.012140s ]
INFO: Run ShowRuntime Behavior [ RunTime:-0.012224s ]
INFO: [ view_filter ] --END-- [ RunTime:0.000643s ]
INFO: [ view_end ] --START--
INFO: Run ShowPageTrace Behavior [ RunTime:-0.012458s ]
INFO: [ view_end ] --END-- [ RunTime:0.000132s ]

[ 2012-10-26T10:30:53+08:00 ] 127.0.0.1 /sbk/www/index.php?s=/Admin/view
INFO: [ route_check ] --START--
INFO: Run CheckRoute Behavior [ RunTime:0.000143s ]
INFO: [ route_check ] --END-- [ RunTime:0.000222s ]
INFO: [ app_begin ] --START--
INFO: Run ReadHtmlCache Behavior [ RunTime:-0.000360s ]
INFO: [ app_begin ] --END-- [ RunTime:0.000173s ]
NOTIC: [8] A session had already been started - ignoring session_start() /Users/AlbertZhu/Sites/sbk/sbkCore/ThinkPHP/Common/functions.php 第 526 行.
SQL: SHOW COLUMNS FROM `sbk_bk` [ RunTime:0.003188s ]
SQL: SELECT * FROM `sbk_bk`  [ RunTime:0.000464s ]
INFO: [ view_template ] --START--
INFO: Run LocationTemplate Behavior [ RunTime:-0.007028s ]
INFO: [ view_template ] --END-- [ RunTime:0.000189s ]
INFO: [ view_parse ] --START--
NOTIC: [8] Undefined variable: mid /Users/AlbertZhu/Sites/sbk/sbkCore/Runtime/Cache/0b5c5116fb1902f8f437cea1b621dfa3.php 第 70 行.
INFO: Run ParseTemplate Behavior [ RunTime:-0.007259s ]
INFO: [ view_parse ] --END-- [ RunTime:0.006942s ]
INFO: [ view_filter ] --START--
INFO: Run ContentReplace Behavior [ RunTime:-0.014247s ]
INFO: Run TokenBuild Behavior [ RunTime:-0.014610s ]
INFO: Run WriteHtmlCache Behavior [ RunTime:-0.014752s ]
INFO: Run ShowRuntime Behavior [ RunTime:-0.014844s ]
INFO: [ view_filter ] --END-- [ RunTime:0.000800s ]
INFO: [ view_end ] --START--
INFO: Run ShowPageTrace Behavior [ RunTime:-0.015106s ]
INFO: [ view_end ] --END-- [ RunTime:0.000136s ]

[ 2012-10-26T10:31:15+08:00 ] 127.0.0.1 /sbk/www/index.php?s=/Admin/view
INFO: [ route_check ] --START--
INFO: Run CheckRoute Behavior [ RunTime:0.000099s ]
INFO: [ route_check ] --END-- [ RunTime:0.000164s ]
INFO: [ app_begin ] --START--
INFO: Run ReadHtmlCache Behavior [ RunTime:-0.000312s ]
INFO: [ app_begin ] --END-- [ RunTime:0.000159s ]
NOTIC: [8] A session had already been started - ignoring session_start() /Users/AlbertZhu/Sites/sbk/sbkCore/ThinkPHP/Common/functions.php 第 526 行.
SQL: SHOW COLUMNS FROM `sbk_bk` [ RunTime:0.004765s ]
SQL: SELECT * FROM `sbk_bk`  [ RunTime:0.000447s ]
INFO: [ view_template ] --START--
INFO: Run LocationTemplate Behavior [ RunTime:-0.007739s ]
INFO: [ view_template ] --END-- [ RunTime:0.000178s ]
INFO: [ view_parse ] --START--
INFO: Run ParseTemplate Behavior [ RunTime:-0.007959s ]
INFO: [ view_parse ] --END-- [ RunTime:0.008089s ]
INFO: [ view_filter ] --START--
INFO: Run ContentReplace Behavior [ RunTime:-0.016098s ]
INFO: Run TokenBuild Behavior [ RunTime:-0.016481s ]
INFO: Run WriteHtmlCache Behavior [ RunTime:-0.016622s ]
INFO: Run ShowRuntime Behavior [ RunTime:-0.016715s ]
INFO: [ view_filter ] --END-- [ RunTime:0.000819s ]
INFO: [ view_end ] --START--
INFO: Run ShowPageTrace Behavior [ RunTime:-0.016977s ]
INFO: [ view_end ] --END-- [ RunTime:0.000134s ]

[ 2012-10-26T10:31:19+08:00 ] 127.0.0.1 /sbk/www/index.php?s=/Admin/logout
INFO: [ route_check ] --START--
INFO: Run CheckRoute Behavior [ RunTime:0.000113s ]
INFO: [ route_check ] --END-- [ RunTime:0.000196s ]
INFO: [ app_begin ] --START--
INFO: Run ReadHtmlCache Behavior [ RunTime:-0.000342s ]
INFO: [ app_begin ] --END-- [ RunTime:0.000174s ]
NOTIC: [8] A session had already been started - ignoring session_start() /Users/AlbertZhu/Sites/sbk/sbkCore/ThinkPHP/Common/functions.php 第 526 行.
INFO: [ view_template ] --START--
INFO: Run LocationTemplate Behavior [ RunTime:-0.000892s ]
INFO: [ view_template ] --END-- [ RunTime:0.000135s ]
INFO: [ view_parse ] --START--
INFO: Run ParseTemplate Behavior [ RunTime:-0.001069s ]
INFO: [ view_parse ] --END-- [ RunTime:0.002624s ]
INFO: [ view_filter ] --START--
INFO: Run ContentReplace Behavior [ RunTime:-0.003736s ]
INFO: Run TokenBuild Behavior [ RunTime:-0.003902s ]
INFO: Run WriteHtmlCache Behavior [ RunTime:-0.004019s ]
INFO: Run ShowRuntime Behavior [ RunTime:-0.004104s ]
INFO: [ view_filter ] --END-- [ RunTime:0.000532s ]
INFO: [ view_end ] --START--
INFO: Run ShowPageTrace Behavior [ RunTime:-0.004334s ]
INFO: [ view_end ] --END-- [ RunTime:0.000135s ]

[ 2012-10-26T10:31:22+08:00 ] 127.0.0.1 /sbk/www/index.php?s=/Wx/index
INFO: [ route_check ] --START--
INFO: Run CheckRoute Behavior [ RunTime:0.000109s ]
INFO: [ route_check ] --END-- [ RunTime:0.000184s ]
INFO: [ app_begin ] --START--
INFO: Run ReadHtmlCache Behavior [ RunTime:-0.000439s ]
INFO: [ app_begin ] --END-- [ RunTime:0.000248s ]
NOTIC: [8] A session had already been started - ignoring session_start() /Users/AlbertZhu/Sites/sbk/sbkCore/ThinkPHP/Common/functions.php 第 526 行.
INFO: [ view_template ] --START--
INFO: Run LocationTemplate Behavior [ RunTime:-0.001076s ]
INFO: [ view_template ] --END-- [ RunTime:0.000136s ]
INFO: [ view_parse ] --START--
INFO: Run ParseTemplate Behavior [ RunTime:-0.001254s ]
INFO: [ view_parse ] --END-- [ RunTime:0.005176s ]
INFO: [ view_filter ] --START--
INFO: Run ContentReplace Behavior [ RunTime:-0.006475s ]
INFO: Run TokenBuild Behavior [ RunTime:-0.006761s ]
INFO: Run WriteHtmlCache Behavior [ RunTime:-0.006888s ]
INFO: Run ShowRuntime Behavior [ RunTime:-0.006973s ]
INFO: [ view_filter ] --END-- [ RunTime:0.000676s ]
INFO: [ view_end ] --START--
INFO: Run ShowPageTrace Behavior [ RunTime:-0.007203s ]
INFO: [ view_end ] --END-- [ RunTime:0.000133s ]

[ 2012-10-26T10:31:29+08:00 ] 127.0.0.1 /sbk/www/index.php
INFO: [ app_begin ] --START--
INFO: Run ReadHtmlCache Behavior [ RunTime:0.000118s ]
INFO: [ app_begin ] --END-- [ RunTime:0.000201s ]
NOTIC: [8] A session had already been started - ignoring session_start() /Users/AlbertZhu/Sites/sbk/sbkCore/ThinkPHP/Common/functions.php 第 526 行.
INFO: [ view_template ] --START--
INFO: Run LocationTemplate Behavior [ RunTime:-0.020719s ]
INFO: [ view_template ] --END-- [ RunTime:0.000252s ]
INFO: [ view_parse ] --START--
INFO: Run ParseTemplate Behavior [ RunTime:-0.021012s ]
INFO: [ view_parse ] --END-- [ RunTime:0.025812s ]
INFO: [ view_filter ] --START--
INFO: Run ContentReplace Behavior [ RunTime:-0.046861s ]
INFO: Run TokenBuild Behavior [ RunTime:-0.047134s ]
INFO: Run WriteHtmlCache Behavior [ RunTime:-0.047263s ]
INFO: Run ShowRuntime Behavior [ RunTime:-0.047348s ]
INFO: [ view_filter ] --END-- [ RunTime:0.000658s ]
INFO: [ view_end ] --START--
INFO: Run ShowPageTrace Behavior [ RunTime:-0.047575s ]
INFO: [ view_end ] --END-- [ RunTime:0.000142s ]

[ 2012-10-26T10:31:35+08:00 ] 127.0.0.1 /sbk/www/index.php?s=/Admin/index
INFO: [ route_check ] --START--
INFO: Run CheckRoute Behavior [ RunTime:0.000108s ]
INFO: [ route_check ] --END-- [ RunTime:0.000190s ]
INFO: [ app_begin ] --START--
INFO: Run ReadHtmlCache Behavior [ RunTime:-0.000353s ]
INFO: [ app_begin ] --END-- [ RunTime:0.000160s ]
NOTIC: [8] A session had already been started - ignoring session_start() /Users/AlbertZhu/Sites/sbk/sbkCore/ThinkPHP/Common/functions.php 第 526 行.
INFO: [ view_template ] --START--
INFO: Run LocationTemplate Behavior [ RunTime:-0.000809s ]
INFO: [ view_template ] --END-- [ RunTime:0.000133s ]
INFO: [ view_parse ] --START--
INFO: Run ParseTemplate Behavior [ RunTime:-0.000984s ]
INFO: [ view_parse ] --END-- [ RunTime:0.004013s ]
INFO: [ view_filter ] --START--
INFO: Run ContentReplace Behavior [ RunTime:-0.005042s ]
INFO: Run TokenBuild Behavior [ RunTime:-0.005317s ]
INFO: Run WriteHtmlCache Behavior [ RunTime:-0.005447s ]
INFO: Run ShowRuntime Behavior [ RunTime:-0.005535s ]
INFO: [ view_filter ] --END-- [ RunTime:0.000678s ]
INFO: [ view_end ] --START--
INFO: Run ShowPageTrace Behavior [ RunTime:-0.005775s ]
INFO: [ view_end ] --END-- [ RunTime:0.000137s ]

[ 2012-10-26T10:32:00+08:00 ] 127.0.0.1 /sbk/www/index.php?s=/Admin/login
INFO: [ route_check ] --START--
INFO: Run CheckRoute Behavior [ RunTime:0.000102s ]
INFO: [ route_check ] --END-- [ RunTime:0.000172s ]
INFO: [ app_begin ] --START--
INFO: Run ReadHtmlCache Behavior [ RunTime:-0.000310s ]
INFO: [ app_begin ] --END-- [ RunTime:0.000172s ]
NOTIC: [8] A session had already been started - ignoring session_start() /Users/AlbertZhu/Sites/sbk/sbkCore/ThinkPHP/Common/functions.php 第 526 行.
SQL: SHOW COLUMNS FROM `sbk_admin` [ RunTime:0.002679s ]
SQL: SELECT * FROM `sbk_admin` WHERE ( `admin_id` = '13874206508' ) AND ( `admin_password` = '6508' ) LIMIT 1   [ RunTime:0.001057s ]
INFO: [ view_template ] --START--
INFO: Run LocationTemplate Behavior [ RunTime:-0.006814s ]
INFO: [ view_template ] --END-- [ RunTime:0.000473s ]
INFO: [ view_parse ] --START--
INFO: Run ParseTemplate Behavior [ RunTime:-0.007331s ]
INFO: [ view_parse ] --END-- [ RunTime:0.002681s ]
INFO: [ view_filter ] --START--
INFO: Run ContentReplace Behavior [ RunTime:-0.010055s ]
INFO: Run TokenBuild Behavior [ RunTime:-0.010239s ]
INFO: Run WriteHtmlCache Behavior [ RunTime:-0.010365s ]
INFO: Run ShowRuntime Behavior [ RunTime:-0.010455s ]
INFO: [ view_filter ] --END-- [ RunTime:0.000569s ]
INFO: [ view_end ] --START--
INFO: Run ShowPageTrace Behavior [ RunTime:-0.010681s ]
INFO: [ view_end ] --END-- [ RunTime:0.000142s ]

[ 2012-10-26T10:32:03+08:00 ] 127.0.0.1 /sbk/www/index.php?s=/Admin/view
INFO: [ route_check ] --START--
INFO: Run CheckRoute Behavior [ RunTime:0.000097s ]
INFO: [ route_check ] --END-- [ RunTime:0.000162s ]
INFO: [ app_begin ] --START--
INFO: Run ReadHtmlCache Behavior [ RunTime:-0.000302s ]
INFO: [ app_begin ] --END-- [ RunTime:0.000167s ]
NOTIC: [8] A session had already been started - ignoring session_start() /Users/AlbertZhu/Sites/sbk/sbkCore/ThinkPHP/Common/functions.php 第 526 行.
SQL: SHOW COLUMNS FROM `sbk_bk` [ RunTime:0.003088s ]
SQL: SELECT * FROM `sbk_bk`  [ RunTime:0.000342s ]
INFO: [ view_template ] --START--
INFO: Run LocationTemplate Behavior [ RunTime:-0.005813s ]
INFO: [ view_template ] --END-- [ RunTime:0.000163s ]
INFO: [ view_parse ] --START--
INFO: Run ParseTemplate Behavior [ RunTime:-0.006018s ]
INFO: [ view_parse ] --END-- [ RunTime:0.007277s ]
INFO: [ view_filter ] --START--
INFO: Run ContentReplace Behavior [ RunTime:-0.014874s ]
INFO: Run TokenBuild Behavior [ RunTime:-0.015387s ]
INFO: Run WriteHtmlCache Behavior [ RunTime:-0.015569s ]
INFO: Run ShowRuntime Behavior [ RunTime:-0.015767s ]
INFO: [ view_filter ] --END-- [ RunTime:0.001160s ]
INFO: [ view_end ] --START--
INFO: Run ShowPageTrace Behavior [ RunTime:-0.016086s ]
INFO: [ view_end ] --END-- [ RunTime:0.000155s ]

[ 2012-10-26T10:32:10+08:00 ] 127.0.0.1 /sbk/www/index.php?s=/Wx/view
INFO: [ route_check ] --START--
INFO: Run CheckRoute Behavior [ RunTime:0.000101s ]
INFO: [ route_check ] --END-- [ RunTime:0.000171s ]
INFO: [ app_begin ] --START--
INFO: Run ReadHtmlCache Behavior [ RunTime:-0.000304s ]
INFO: [ app_begin ] --END-- [ RunTime:0.000163s ]
NOTIC: [8] A session had already been started - ignoring session_start() /Users/AlbertZhu/Sites/sbk/sbkCore/ThinkPHP/Common/functions.php 第 526 行.
SQL: SHOW COLUMNS FROM `sbk_bx` [ RunTime:0.022378s ]
SQL: SELECT * FROM `sbk_bx` WHERE bx_status_code=1  [ RunTime:0.000749s ]
SQL: SELECT * FROM `sbk_bx` WHERE bx_status_code=1  [ RunTime:0.000546s ]
SQL: SELECT * FROM `sbk_bx` WHERE ( `bx_member_id` = '13874973412' ) AND ( `bx_status_code` = 2 )  [ RunTime:0.000419s ]
SQL: SELECT * FROM `sbk_bx` WHERE ( `bx_member_id` = '13874973412' ) AND ( `bx_status_code` = 2 )  [ RunTime:0.000414s ]
SQL: SELECT * FROM `sbk_bx` WHERE ( `bx_member_id` = '13874973412' ) AND ( `bx_status_code` = 3 )  [ RunTime:0.000440s ]
SQL: SELECT * FROM `sbk_bx` WHERE ( `bx_member_id` = '13874973412' ) AND ( `bx_status_code` = 3 )  [ RunTime:0.000524s ]
INFO: [ view_template ] --START--
INFO: Run LocationTemplate Behavior [ RunTime:-0.031979s ]
INFO: [ view_template ] --END-- [ RunTime:0.000241s ]
INFO: [ view_parse ] --START--
INFO: Run ParseTemplate Behavior [ RunTime:-0.032294s ]
INFO: [ view_parse ] --END-- [ RunTime:0.014029s ]
INFO: [ view_filter ] --START--
INFO: Run ContentReplace Behavior [ RunTime:-0.046355s ]
INFO: Run TokenBuild Behavior [ RunTime:-0.046840s ]
INFO: Run WriteHtmlCache Behavior [ RunTime:-0.046992s ]
INFO: Run ShowRuntime Behavior [ RunTime:-0.047083s ]
INFO: [ view_filter ] --END-- [ RunTime:0.000946s ]
INFO: [ view_end ] --START--
INFO: Run ShowPageTrace Behavior [ RunTime:-0.047485s ]
INFO: [ view_end ] --END-- [ RunTime:0.000142s ]

[ 2012-10-26T10:32:19+08:00 ] 127.0.0.1 /sbk/www/index.php?s=/Wx/logout
INFO: [ route_check ] --START--
INFO: Run CheckRoute Behavior [ RunTime:0.000097s ]
INFO: [ route_check ] --END-- [ RunTime:0.000162s ]
INFO: [ app_begin ] --START--
INFO: Run ReadHtmlCache Behavior [ RunTime:-0.000289s ]
INFO: [ app_begin ] --END-- [ RunTime:0.000158s ]
NOTIC: [8] A session had already been started - ignoring session_start() /Users/AlbertZhu/Sites/sbk/sbkCore/ThinkPHP/Common/functions.php 第 526 行.
INFO: [ view_template ] --START--
INFO: Run LocationTemplate Behavior [ RunTime:-0.000773s ]
INFO: [ view_template ] --END-- [ RunTime:0.000126s ]
INFO: [ view_parse ] --START--
INFO: Run ParseTemplate Behavior [ RunTime:-0.000940s ]
INFO: [ view_parse ] --END-- [ RunTime:0.002500s ]
INFO: [ view_filter ] --START--
INFO: Run ContentReplace Behavior [ RunTime:-0.003481s ]
INFO: Run TokenBuild Behavior [ RunTime:-0.003641s ]
INFO: Run WriteHtmlCache Behavior [ RunTime:-0.003757s ]
INFO: Run ShowRuntime Behavior [ RunTime:-0.003841s ]
INFO: [ view_filter ] --END-- [ RunTime:0.000521s ]
INFO: [ view_end ] --START--
INFO: Run ShowPageTrace Behavior [ RunTime:-0.004053s ]
INFO: [ view_end ] --END-- [ RunTime:0.000134s ]

[ 2012-10-26T10:32:23+08:00 ] 127.0.0.1 /sbk/www/index.php?s=/Wx/index
INFO: [ route_check ] --START--
INFO: Run CheckRoute Behavior [ RunTime:0.000097s ]
INFO: [ route_check ] --END-- [ RunTime:0.000162s ]
INFO: [ app_begin ] --START--
INFO: Run ReadHtmlCache Behavior [ RunTime:-0.000285s ]
INFO: [ app_begin ] --END-- [ RunTime:0.000161s ]
NOTIC: [8] A session had already been started - ignoring session_start() /Users/AlbertZhu/Sites/sbk/sbkCore/ThinkPHP/Common/functions.php 第 526 行.
INFO: [ view_template ] --START--
INFO: Run LocationTemplate Behavior [ RunTime:-0.000734s ]
INFO: [ view_template ] --END-- [ RunTime:0.000130s ]
INFO: [ view_parse ] --START--
INFO: Run ParseTemplate Behavior [ RunTime:-0.000906s ]
INFO: [ view_parse ] --END-- [ RunTime:0.004250s ]
INFO: [ view_filter ] --START--
INFO: Run ContentReplace Behavior [ RunTime:-0.005203s ]
INFO: Run TokenBuild Behavior [ RunTime:-0.005474s ]
INFO: Run WriteHtmlCache Behavior [ RunTime:-0.005606s ]
INFO: Run ShowRuntime Behavior [ RunTime:-0.005696s ]
INFO: [ view_filter ] --END-- [ RunTime:0.000685s ]
INFO: [ view_end ] --START--
INFO: Run ShowPageTrace Behavior [ RunTime:-0.005944s ]
INFO: [ view_end ] --END-- [ RunTime:0.000138s ]

[ 2012-10-26T10:32:26+08:00 ] 127.0.0.1 /sbk/www/index.php?s=/Wx/login
INFO: [ route_check ] --START--
INFO: Run CheckRoute Behavior [ RunTime:0.000095s ]
INFO: [ route_check ] --END-- [ RunTime:0.000159s ]
INFO: [ app_begin ] --START--
INFO: Run ReadHtmlCache Behavior [ RunTime:-0.000285s ]
INFO: [ app_begin ] --END-- [ RunTime:0.000161s ]
NOTIC: [8] A session had already been started - ignoring session_start() /Users/AlbertZhu/Sites/sbk/sbkCore/ThinkPHP/Common/functions.php 第 526 行.
SQL: SHOW COLUMNS FROM `sbk_member` [ RunTime:0.002146s ]
SQL: SELECT * FROM `sbk_member` WHERE ( `member_id` = '13874973412' ) AND ( `member_password` = '3412' ) LIMIT 1   [ RunTime:0.000354s ]
INFO: [ view_template ] --START--
INFO: Run LocationTemplate Behavior [ RunTime:-0.004977s ]
INFO: [ view_template ] --END-- [ RunTime:0.000167s ]
INFO: [ view_parse ] --START--
INFO: Run ParseTemplate Behavior [ RunTime:-0.005185s ]
INFO: [ view_parse ] --END-- [ RunTime:0.002633s ]
INFO: [ view_filter ] --START--
INFO: Run ContentReplace Behavior [ RunTime:-0.007874s ]
INFO: Run TokenBuild Behavior [ RunTime:-0.008050s ]
INFO: Run WriteHtmlCache Behavior [ RunTime:-0.008171s ]
INFO: Run ShowRuntime Behavior [ RunTime:-0.008260s ]
INFO: [ view_filter ] --END-- [ RunTime:0.000551s ]
INFO: [ view_end ] --START--
INFO: Run ShowPageTrace Behavior [ RunTime:-0.008478s ]
INFO: [ view_end ] --END-- [ RunTime:0.000131s ]

[ 2012-10-26T10:32:30+08:00 ] 127.0.0.1 /sbk/www/index.php?s=/Wx/view
INFO: [ route_check ] --START--
INFO: Run CheckRoute Behavior [ RunTime:0.000103s ]
INFO: [ route_check ] --END-- [ RunTime:0.000170s ]
INFO: [ app_begin ] --START--
INFO: Run ReadHtmlCache Behavior [ RunTime:-0.000292s ]
INFO: [ app_begin ] --END-- [ RunTime:0.000159s ]
NOTIC: [8] A session had already been started - ignoring session_start() /Users/AlbertZhu/Sites/sbk/sbkCore/ThinkPHP/Common/functions.php 第 526 行.
SQL: SHOW COLUMNS FROM `sbk_bx` [ RunTime:0.003521s ]
SQL: SELECT * FROM `sbk_bx` WHERE bx_status_code=1  [ RunTime:0.000632s ]
SQL: SELECT * FROM `sbk_bx` WHERE bx_status_code=1  [ RunTime:0.000446s ]
SQL: SELECT * FROM `sbk_bx` WHERE ( `bx_member_id` = '13874973412' ) AND ( `bx_status_code` = 2 )  [ RunTime:0.000378s ]
SQL: SELECT * FROM `sbk_bx` WHERE ( `bx_member_id` = '13874973412' ) AND ( `bx_status_code` = 2 )  [ RunTime:0.000303s ]
SQL: SELECT * FROM `sbk_bx` WHERE ( `bx_member_id` = '13874973412' ) AND ( `bx_status_code` = 3 )  [ RunTime:0.000306s ]
SQL: SELECT * FROM `sbk_bx` WHERE ( `bx_member_id` = '13874973412' ) AND ( `bx_status_code` = 3 )  [ RunTime:0.000346s ]
INFO: [ view_template ] --START--
INFO: Run LocationTemplate Behavior [ RunTime:-0.009529s ]
INFO: [ view_template ] --END-- [ RunTime:0.000176s ]
INFO: [ view_parse ] --START--
INFO: Run ParseTemplate Behavior [ RunTime:-0.009757s ]
INFO: [ view_parse ] --END-- [ RunTime:0.012025s ]
INFO: [ view_filter ] --START--
INFO: Run ContentReplace Behavior [ RunTime:-0.021817s ]
INFO: Run TokenBuild Behavior [ RunTime:-0.022280s ]
INFO: Run WriteHtmlCache Behavior [ RunTime:-0.022428s ]
INFO: Run ShowRuntime Behavior [ RunTime:-0.022517s ]
INFO: [ view_filter ] --END-- [ RunTime:0.000912s ]
INFO: [ view_end ] --START--
INFO: Run ShowPageTrace Behavior [ RunTime:-0.022787s ]
INFO: [ view_end ] --END-- [ RunTime:0.000132s ]

[ 2012-10-26T10:32:32+08:00 ] 127.0.0.1 /sbk/www/index.php?s=/Admin/view
INFO: [ route_check ] --START--
INFO: Run CheckRoute Behavior [ RunTime:0.000097s ]
INFO: [ route_check ] --END-- [ RunTime:0.000162s ]
INFO: [ app_begin ] --START--
INFO: Run ReadHtmlCache Behavior [ RunTime:-0.000287s ]
INFO: [ app_begin ] --END-- [ RunTime:0.000160s ]
NOTIC: [8] A session had already been started - ignoring session_start() /Users/AlbertZhu/Sites/sbk/sbkCore/ThinkPHP/Common/functions.php 第 526 行.
SQL: SHOW COLUMNS FROM `sbk_bk` [ RunTime:0.003416s ]
SQL: SELECT * FROM `sbk_bk`  [ RunTime:0.000527s ]
INFO: [ view_template ] --START--
INFO: Run LocationTemplate Behavior [ RunTime:-0.006354s ]
INFO: [ view_template ] --END-- [ RunTime:0.000217s ]
INFO: [ view_parse ] --START--
INFO: Run ParseTemplate Behavior [ RunTime:-0.006615s ]
INFO: [ view_parse ] --END-- [ RunTime:0.007138s ]
INFO: [ view_filter ] --START--
INFO: Run ContentReplace Behavior [ RunTime:-0.013796s ]
INFO: Run TokenBuild Behavior [ RunTime:-0.014164s ]
INFO: Run WriteHtmlCache Behavior [ RunTime:-0.014301s ]
INFO: Run ShowRuntime Behavior [ RunTime:-0.014390s ]
INFO: [ view_filter ] --END-- [ RunTime:0.000787s ]
INFO: [ view_end ] --START--
INFO: Run ShowPageTrace Behavior [ RunTime:-0.014640s ]
INFO: [ view_end ] --END-- [ RunTime:0.000130s ]

[ 2012-10-26T10:32:38+08:00 ] 127.0.0.1 /sbk/www/index.php?s=/Wx/view
INFO: [ route_check ] --START--
INFO: Run CheckRoute Behavior [ RunTime:0.000098s ]
INFO: [ route_check ] --END-- [ RunTime:0.000162s ]
INFO: [ app_begin ] --START--
INFO: Run ReadHtmlCache Behavior [ RunTime:-0.000283s ]
INFO: [ app_begin ] --END-- [ RunTime:0.000157s ]
NOTIC: [8] A session had already been started - ignoring session_start() /Users/AlbertZhu/Sites/sbk/sbkCore/ThinkPHP/Common/functions.php 第 526 行.
SQL: SHOW COLUMNS FROM `sbk_bx` [ RunTime:0.004020s ]
SQL: SELECT * FROM `sbk_bx` WHERE bx_status_code=1  [ RunTime:0.000554s ]
SQL: SELECT * FROM `sbk_bx` WHERE bx_status_code=1  [ RunTime:0.000374s ]
SQL: SELECT * FROM `sbk_bx` WHERE ( `bx_member_id` = '13874973412' ) AND ( `bx_status_code` = 2 )  [ RunTime:0.000297s ]
SQL: SELECT * FROM `sbk_bx` WHERE ( `bx_member_id` = '13874973412' ) AND ( `bx_status_code` = 2 )  [ RunTime:0.000282s ]
SQL: SELECT * FROM `sbk_bx` WHERE ( `bx_member_id` = '13874973412' ) AND ( `bx_status_code` = 3 )  [ RunTime:0.000301s ]
SQL: SELECT * FROM `sbk_bx` WHERE ( `bx_member_id` = '13874973412' ) AND ( `bx_status_code` = 3 )  [ RunTime:0.000308s ]
INFO: [ view_template ] --START--
INFO: Run LocationTemplate Behavior [ RunTime:-0.009643s ]
INFO: [ view_template ] --END-- [ RunTime:0.000197s ]
INFO: [ view_parse ] --START--
INFO: Run ParseTemplate Behavior [ RunTime:-0.009893s ]
INFO: [ view_parse ] --END-- [ RunTime:0.011690s ]
INFO: [ view_filter ] --START--
INFO: Run ContentReplace Behavior [ RunTime:-0.021618s ]
INFO: Run TokenBuild Behavior [ RunTime:-0.022079s ]
INFO: Run WriteHtmlCache Behavior [ RunTime:-0.022225s ]
INFO: Run ShowRuntime Behavior [ RunTime:-0.022315s ]
INFO: [ view_filter ] --END-- [ RunTime:0.000908s ]
INFO: [ view_end ] --START--
INFO: Run ShowPageTrace Behavior [ RunTime:-0.022584s ]
INFO: [ view_end ] --END-- [ RunTime:0.000131s ]

[ 2012-10-26T10:32:45+08:00 ] 127.0.0.1 /sbk/www/index.php?s=/Admin/view
INFO: [ route_check ] --START--
INFO: Run CheckRoute Behavior [ RunTime:0.000095s ]
INFO: [ route_check ] --END-- [ RunTime:0.000160s ]
INFO: [ app_begin ] --START--
INFO: Run ReadHtmlCache Behavior [ RunTime:-0.000283s ]
INFO: [ app_begin ] --END-- [ RunTime:0.000157s ]
NOTIC: [8] A session had already been started - ignoring session_start() /Users/AlbertZhu/Sites/sbk/sbkCore/ThinkPHP/Common/functions.php 第 526 行.
SQL: SHOW COLUMNS FROM `sbk_bk` [ RunTime:0.109315s ]
SQL: SELECT * FROM `sbk_bk`  [ RunTime:0.000568s ]
INFO: [ view_template ] --START--
INFO: Run LocationTemplate Behavior [ RunTime:-0.112345s ]
INFO: [ view_template ] --END-- [ RunTime:0.000234s ]
INFO: [ view_parse ] --START--
INFO: Run ParseTemplate Behavior [ RunTime:-0.112640s ]
INFO: [ view_parse ] --END-- [ RunTime:0.008548s ]
INFO: [ view_filter ] --START--
INFO: Run ContentReplace Behavior [ RunTime:-0.121219s ]
INFO: Run TokenBuild Behavior [ RunTime:-0.121572s ]
INFO: Run WriteHtmlCache Behavior [ RunTime:-0.121708s ]
INFO: Run ShowRuntime Behavior [ RunTime:-0.121796s ]
INFO: [ view_filter ] --END-- [ RunTime:0.000769s ]
INFO: [ view_end ] --START--
INFO: Run ShowPageTrace Behavior [ RunTime:-0.122049s ]
INFO: [ view_end ] --END-- [ RunTime:0.000132s ]

[ 2012-10-26T10:32:47+08:00 ] 127.0.0.1 /sbk/www/index.php?s=/Admin/logout
INFO: [ route_check ] --START--
INFO: Run CheckRoute Behavior [ RunTime:0.000102s ]
INFO: [ route_check ] --END-- [ RunTime:0.000171s ]
INFO: [ app_begin ] --START--
INFO: Run ReadHtmlCache Behavior [ RunTime:-0.000308s ]
INFO: [ app_begin ] --END-- [ RunTime:0.000167s ]
NOTIC: [8] A session had already been started - ignoring session_start() /Users/AlbertZhu/Sites/sbk/sbkCore/ThinkPHP/Common/functions.php 第 526 行.
INFO: [ view_template ] --START--
INFO: Run LocationTemplate Behavior [ RunTime:-0.000811s ]
INFO: [ view_template ] --END-- [ RunTime:0.000131s ]
INFO: [ view_parse ] --START--
INFO: Run ParseTemplate Behavior [ RunTime:-0.000984s ]
INFO: [ view_parse ] --END-- [ RunTime:0.002507s ]
INFO: [ view_filter ] --START--
INFO: Run ContentReplace Behavior [ RunTime:-0.003531s ]
INFO: Run TokenBuild Behavior [ RunTime:-0.003688s ]
INFO: Run WriteHtmlCache Behavior [ RunTime:-0.003804s ]
INFO: Run ShowRuntime Behavior [ RunTime:-0.003888s ]
INFO: [ view_filter ] --END-- [ RunTime:0.000520s ]
INFO: [ view_end ] --START--
INFO: Run ShowPageTrace Behavior [ RunTime:-0.004103s ]
INFO: [ view_end ] --END-- [ RunTime:0.000134s ]

[ 2012-10-26T10:32:51+08:00 ] 127.0.0.1 /sbk/www/index.php?s=/Wx/index
INFO: [ route_check ] --START--
INFO: Run CheckRoute Behavior [ RunTime:0.000120s ]
INFO: [ route_check ] --END-- [ RunTime:0.000200s ]
INFO: [ app_begin ] --START--
INFO: Run ReadHtmlCache Behavior [ RunTime:-0.000365s ]
INFO: [ app_begin ] --END-- [ RunTime:0.000162s ]
NOTIC: [8] A session had already been started - ignoring session_start() /Users/AlbertZhu/Sites/sbk/sbkCore/ThinkPHP/Common/functions.php 第 526 行.
INFO: [ view_template ] --START--
INFO: Run LocationTemplate Behavior [ RunTime:-0.000823s ]
INFO: [ view_template ] --END-- [ RunTime:0.000130s ]
INFO: [ view_parse ] --START--
INFO: Run ParseTemplate Behavior [ RunTime:-0.000997s ]
INFO: [ view_parse ] --END-- [ RunTime:0.004239s ]
INFO: [ view_filter ] --START--
INFO: Run ContentReplace Behavior [ RunTime:-0.005282s ]
INFO: Run TokenBuild Behavior [ RunTime:-0.005561s ]
INFO: Run WriteHtmlCache Behavior [ RunTime:-0.005688s ]
INFO: Run ShowRuntime Behavior [ RunTime:-0.005774s ]
INFO: [ view_filter ] --END-- [ RunTime:0.000672s ]
INFO: [ view_end ] --START--
INFO: Run ShowPageTrace Behavior [ RunTime:-0.006008s ]
INFO: [ view_end ] --END-- [ RunTime:0.000134s ]

[ 2012-10-26T10:32:53+08:00 ] 127.0.0.1 /sbk/www/index.php?s=/Wx/view
INFO: [ route_check ] --START--
INFO: Run CheckRoute Behavior [ RunTime:0.000102s ]
INFO: [ route_check ] --END-- [ RunTime:0.000173s ]
INFO: [ app_begin ] --START--
INFO: Run ReadHtmlCache Behavior [ RunTime:-0.000298s ]
INFO: [ app_begin ] --END-- [ RunTime:0.000160s ]
NOTIC: [8] A session had already been started - ignoring session_start() /Users/AlbertZhu/Sites/sbk/sbkCore/ThinkPHP/Common/functions.php 第 526 行.
SQL: SHOW COLUMNS FROM `sbk_bx` [ RunTime:0.003630s ]
SQL: SELECT * FROM `sbk_bx` WHERE bx_status_code=1  [ RunTime:0.000725s ]
SQL: SELECT * FROM `sbk_bx` WHERE bx_status_code=1  [ RunTime:0.000614s ]
SQL: SELECT * FROM `sbk_bx` WHERE ( `bx_member_id` = '13874973412' ) AND ( `bx_status_code` = 2 )  [ RunTime:0.000366s ]
SQL: SELECT * FROM `sbk_bx` WHERE ( `bx_member_id` = '13874973412' ) AND ( `bx_status_code` = 2 )  [ RunTime:0.000326s ]
SQL: SELECT * FROM `sbk_bx` WHERE ( `bx_member_id` = '13874973412' ) AND ( `bx_status_code` = 3 )  [ RunTime:0.000356s ]
SQL: SELECT * FROM `sbk_bx` WHERE ( `bx_member_id` = '13874973412' ) AND ( `bx_status_code` = 3 )  [ RunTime:0.000394s ]
INFO: [ view_template ] --START--
INFO: Run LocationTemplate Behavior [ RunTime:-0.010117s ]
INFO: [ view_template ] --END-- [ RunTime:0.000178s ]
INFO: [ view_parse ] --START--
INFO: Run ParseTemplate Behavior [ RunTime:-0.010348s ]
INFO: [ view_parse ] --END-- [ RunTime:0.015915s ]
INFO: [ view_filter ] --START--
INFO: Run ContentReplace Behavior [ RunTime:-0.026298s ]
INFO: Run TokenBuild Behavior [ RunTime:-0.026761s ]
INFO: Run WriteHtmlCache Behavior [ RunTime:-0.026908s ]
INFO: Run ShowRuntime Behavior [ RunTime:-0.026997s ]
INFO: [ view_filter ] --END-- [ RunTime:0.000912s ]
INFO: [ view_end ] --START--
INFO: Run ShowPageTrace Behavior [ RunTime:-0.027268s ]
INFO: [ view_end ] --END-- [ RunTime:0.000131s ]

[ 2012-10-26T10:32:59+08:00 ] 127.0.0.1 /sbk/www/index.php?s=/Admin/index
INFO: [ route_check ] --START--
INFO: Run CheckRoute Behavior [ RunTime:0.000098s ]
INFO: [ route_check ] --END-- [ RunTime:0.000163s ]
INFO: [ app_begin ] --START--
INFO: Run ReadHtmlCache Behavior [ RunTime:-0.000284s ]
INFO: [ app_begin ] --END-- [ RunTime:0.000157s ]
NOTIC: [8] A session had already been started - ignoring session_start() /Users/AlbertZhu/Sites/sbk/sbkCore/ThinkPHP/Common/functions.php 第 526 行.
INFO: [ view_template ] --START--
INFO: Run LocationTemplate Behavior [ RunTime:-0.000729s ]
INFO: [ view_template ] --END-- [ RunTime:0.000132s ]
INFO: [ view_parse ] --START--
INFO: Run ParseTemplate Behavior [ RunTime:-0.000903s ]
INFO: [ view_parse ] --END-- [ RunTime:0.004349s ]
INFO: [ view_filter ] --START--
INFO: Run ContentReplace Behavior [ RunTime:-0.005298s ]
INFO: Run TokenBuild Behavior [ RunTime:-0.005579s ]
INFO: Run WriteHtmlCache Behavior [ RunTime:-0.005708s ]
INFO: Run ShowRuntime Behavior [ RunTime:-0.005795s ]
INFO: [ view_filter ] --END-- [ RunTime:0.000681s ]
INFO: [ view_end ] --START--
INFO: Run ShowPageTrace Behavior [ RunTime:-0.006035s ]
INFO: [ view_end ] --END-- [ RunTime:0.000140s ]

